2024-07-13 15:40:32.515 [main] applications.console_application.MetroStationWithFilesDemo - Program started
2024-07-13 15:40:32.525 [main] applications.console_application.MetroStationWithFilesDemo - Write to TXT file
2024-07-13 15:40:32.534 [main] applications.console_application.MetroStationWithFilesDemo - Read from TXT file
2024-07-13 15:40:32.539 [main] applications.console_application.MetroStationWithFilesDemo - Metro Station read from TXT file:
Station:	Name: 'Politekhnichna'.	Opened: 1984.	Hours:
Hour	{ ridership = 1100,	comment = 'Very high ridership' }
Hour	{ ridership = 650,	comment = 'High ridership' }
Hour	{ ridership = 532,	comment = 'High ridership' }
Hour	{ ridership = 200,	comment = 'Medium ridership' }
Hour	{ ridership = 188,	comment = 'Low ridership' }
Hour	{ ridership = 110,	comment = 'Low ridership' }
Hour	{ ridership = 60,	comment = 'Very low ridership' }

2024-07-13 15:40:32.539 [main] applications.console_application.MetroStationWithFilesDemo - Serializing to XML
2024-07-13 15:40:32.747 [main] applications.console_application.MetroStationWithFilesDemo - Deserializing from XML
2024-07-13 15:40:32.766 [main] applications.console_application.MetroStationWithFilesDemo - Metro Station deserialize from XML file:
Station:	Name: 'Politekhnichna'.	Opened: 1984.	Hours:
Hour	{ ridership = 1100,	comment = 'Very high ridership' }
Hour	{ ridership = 650,	comment = 'High ridership' }
Hour	{ ridership = 532,	comment = 'High ridership' }
Hour	{ ridership = 200,	comment = 'Medium ridership' }
Hour	{ ridership = 188,	comment = 'Low ridership' }
Hour	{ ridership = 110,	comment = 'Low ridership' }
Hour	{ ridership = 60,	comment = 'Very low ridership' }

2024-07-13 15:40:32.767 [main] applications.console_application.MetroStationWithFilesDemo - Serializing to JSON
2024-07-13 15:40:32.781 [main] applications.console_application.MetroStationWithFilesDemo - Deserializing from JSON
2024-07-13 15:40:32.788 [main] applications.console_application.MetroStationWithFilesDemo - Metro Station deserialize from JSON file:
Station:	Name: 'Politekhnichna'.	Opened: 1984.	Hours:
Hour	{ ridership = 1100,	comment = 'Very high ridership' }
Hour	{ ridership = 650,	comment = 'High ridership' }
Hour	{ ridership = 532,	comment = 'High ridership' }
Hour	{ ridership = 200,	comment = 'Medium ridership' }
Hour	{ ridership = 188,	comment = 'Low ridership' }
Hour	{ ridership = 110,	comment = 'Low ridership' }
Hour	{ ridership = 60,	comment = 'Very low ridership' }

2024-07-13 15:40:32.788 [main] applications.console_application.MetroStationWithFilesDemo - Program finished
